Using pre-set license
Built from '2021.3/staging' branch; Version is '2021.3.11f1 (0a5ca18544bf) revision 679073'; Using compiler version '192829333'; Build Type 'Release'
OS: 'Windows 10  (10.0.19044) 64bit Professional' Language: 'ru' Physical Memory: 15706 MB
BatchMode: 1, IsHumanControllingUs: 0, StartBugReporterOnCrash: 0, Is64bit: 1, IsPro: 1

COMMAND LINE ARGUMENTS:
C:\Program Files\Unity\Hub\Editor\2021.3.11f1\Editor\Unity.exe
-adb2
-batchMode
-noUpm
-name
AssetImportWorker3
-projectPath
C:/UnityProjects/SoullessBones/SoullessBones
-logFile
Logs/AssetImportWorker3.log
-srvPort
49778
Successfully changed project path to: C:/UnityProjects/SoullessBones/SoullessBones
C:/UnityProjects/SoullessBones/SoullessBones
[UnityMemory] Configuration Parameters - Can be set up in boot.config
    "memorysetup-bucket-allocator-granularity=16"
    "memorysetup-bucket-allocator-bucket-count=8"
    "memorysetup-bucket-allocator-block-size=33554432"
    "memorysetup-bucket-allocator-block-count=8"
    "memorysetup-main-allocator-block-size=16777216"
    "memorysetup-thread-allocator-block-size=16777216"
    "memorysetup-gfx-main-allocator-block-size=16777216"
    "memorysetup-gfx-thread-allocator-block-size=16777216"
    "memorysetup-cache-allocator-block-size=4194304"
    "memorysetup-typetree-allocator-block-size=2097152"
    "memorysetup-profiler-bucket-allocator-granularity=16"
    "memorysetup-profiler-bucket-allocator-bucket-count=8"
    "memorysetup-profiler-bucket-allocator-block-size=33554432"
    "memorysetup-profiler-bucket-allocator-block-count=8"
    "memorysetup-profiler-allocator-block-size=16777216"
    "memorysetup-profiler-editor-allocator-block-size=1048576"
    "memorysetup-temp-allocator-size-main=16777216"
    "memorysetup-job-temp-allocator-block-size=2097152"
    "memorysetup-job-temp-allocator-block-size-background=1048576"
    "memorysetup-job-temp-allocator-reduction-small-platforms=262144"
    "memorysetup-temp-allocator-size-background-worker=32768"
    "memorysetup-temp-allocator-size-job-worker=262144"
    "memorysetup-temp-allocator-size-preload-manager=33554432"
    "memorysetup-temp-allocator-size-nav-mesh-worker=65536"
    "memorysetup-temp-allocator-size-audio-worker=65536"
    "memorysetup-temp-allocator-size-cloud-worker=32768"
    "memorysetup-temp-allocator-size-gi-baking-worker=262144"
    "memorysetup-temp-allocator-size-gfx=262144"
Refreshing native plugins compatible for Editor in 102.42 ms, found 4 plugins.
Preloading 0 native plugins for Editor in 0.00 ms.
Initialize engine version: 2021.3.11f1 (0a5ca18544bf)
[Subsystems] Discovering subsystems at path C:/Program Files/Unity/Hub/Editor/2021.3.11f1/Editor/Data/Resources/UnitySubsystems
[Subsystems] Discovering subsystems at path C:/UnityProjects/SoullessBones/SoullessBones/Assets
GfxDevice: creating device client; threaded=0; jobified=0
Direct3D:
    Version:  Direct3D 11.0 [level 11.1]
    Renderer: NVIDIA GeForce GTX 1650 (ID=0x1f9d)
    Vendor:   NVIDIA
    VRAM:     3962 MB
    Driver:   31.0.15.1694
Initialize mono
Mono path[0] = 'C:/Program Files/Unity/Hub/Editor/2021.3.11f1/Editor/Data/Managed'
Mono path[1] = 'C:/Program Files/Unity/Hub/Editor/2021.3.11f1/Editor/Data/MonoBleedingEdge/lib/mono/unityjit-win32'
Mono config path = 'C:/Program Files/Unity/Hub/Editor/2021.3.11f1/Editor/Data/MonoBleedingEdge/etc'
Using monoOptions --debugger-agent=transport=dt_socket,embedding=1,server=y,suspend=n,address=127.0.0.1:56440
Begin MonoManager ReloadAssembly
Registering precompiled unity dll's ...
Register platform support module: C:/Program Files/Unity/Hub/Editor/2021.3.11f1/Editor/Data/PlaybackEngines/WebGLSupport/UnityEditor.WebGL.Extensions.dll
Register platform support module: C:/Program Files/Unity/Hub/Editor/2021.3.11f1/Editor/Data/PlaybackEngines/WindowsStandaloneSupport/UnityEditor.WindowsStandalone.Extensions.dll
Register platform support module: C:/Program Files/Unity/Hub/Editor/2021.3.11f1/Editor/Data/PlaybackEngines/MetroSupport/UnityEditor.UWP.Extensions.dll
Registered in 0.007522 seconds.
Native extension for UWP target not found
Native extension for WindowsStandalone target not found
Native extension for WebGL target not found
Refreshing native plugins compatible for Editor in 96.21 ms, found 4 plugins.
Preloading 0 native plugins for Editor in 0.00 ms.
Mono: successfully reloaded assembly
- Completed reload, in  0.633 seconds
Domain Reload Profiling:
	ReloadAssembly (633ms)
		BeginReloadAssembly (68ms)
			ExecutionOrderSort (0ms)
			DisableScriptedObjects (0ms)
			BackupInstance (0ms)
			ReleaseScriptingObjects (0ms)
			CreateAndSetChildDomain (1ms)
		EndReloadAssembly (456ms)
			LoadAssemblies (66ms)
			RebuildTransferFunctionScriptingTraits (0ms)
			SetupTypeCache (100ms)
			ReleaseScriptCaches (0ms)
			RebuildScriptCaches (29ms)
			SetupLoadedEditorAssemblies (278ms)
				LogAssemblyErrors (0ms)
				InitializePlatformSupportModulesInManaged (10ms)
				SetLoadedEditorAssemblies (0ms)
				RefreshPlugins (96ms)
				BeforeProcessingInitializeOnLoad (1ms)
				ProcessInitializeOnLoadAttributes (124ms)
				ProcessInitializeOnLoadMethodAttributes (47ms)
				AfterProcessingInitializeOnLoad (0ms)
				EditorAssembliesLoaded (0ms)
			ExecutionOrderSort2 (0ms)
			AwakeInstancesAfterBackupRestoration (0ms)
Platform modules already initialized, skipping
Registering precompiled user dll's ...
Registered in 0.007001 seconds.
Begin MonoManager ReloadAssembly
Symbol file LoadedFromMemory doesn't match image C:\UnityProjects\SoullessBones\SoullessBones\Library\PackageCache\com.unity.visualscripting@1.7.8\Editor\VisualScripting.Core\Dependencies\YamlDotNet\Unity.VisualScripting.YamlDotNet.dll
Symbol file LoadedFromMemory doesn't match image C:\UnityProjects\SoullessBones\SoullessBones\Library\PackageCache\com.unity.visualscripting@1.7.8\Editor\VisualScripting.Core\Dependencies\DotNetZip\Unity.VisualScripting.IonicZip.dll
Native extension for UWP target not found
Native extension for WindowsStandalone target not found
Native extension for WebGL target not found
Refreshing native plugins compatible for Editor in 93.86 ms, found 4 plugins.
Preloading 0 native plugins for Editor in 0.00 ms.
Mono: successfully reloaded assembly
- Completed reload, in  1.147 seconds
Domain Reload Profiling:
	ReloadAssembly (1148ms)
		BeginReloadAssembly (107ms)
			ExecutionOrderSort (0ms)
			DisableScriptedObjects (5ms)
			BackupInstance (0ms)
			ReleaseScriptingObjects (0ms)
			CreateAndSetChildDomain (22ms)
		EndReloadAssembly (928ms)
			LoadAssemblies (80ms)
			RebuildTransferFunctionScriptingTraits (0ms)
			SetupTypeCache (236ms)
			ReleaseScriptCaches (1ms)
			RebuildScriptCaches (62ms)
			SetupLoadedEditorAssemblies (503ms)
				LogAssemblyErrors (0ms)
				InitializePlatformSupportModulesInManaged (7ms)
				SetLoadedEditorAssemblies (0ms)
				RefreshPlugins (94ms)
				BeforeProcessingInitializeOnLoad (100ms)
				ProcessInitializeOnLoadAttributes (253ms)
				ProcessInitializeOnLoadMethodAttributes (42ms)
				AfterProcessingInitializeOnLoad (7ms)
				EditorAssembliesLoaded (0ms)
			ExecutionOrderSort2 (0ms)
			AwakeInstancesAfterBackupRestoration (5ms)
Platform modules already initialized, skipping
========================================================================
Worker process is ready to serve import requests
Launched and connected shader compiler UnityShaderCompiler.exe after 0.05 seconds
Refreshing native plugins compatible for Editor in 1.42 ms, found 4 plugins.
Preloading 0 native plugins for Editor in 0.00 ms.
Unloading 4227 Unused Serialized files (Serialized files now loaded: 0)
Unloading 57 unused Assets / (300.0 KB). Loaded Objects now: 4676.
Memory consumption went from 157.5 MB to 157.3 MB.
Total: 4.446200 ms (FindLiveObjects: 0.509000 ms CreateObjectMapping: 0.147400 ms MarkObjects: 3.584100 ms  DeleteObjects: 0.203800 ms)

AssetImportParameters requested are different than current active one (requested -> active):
  custom:video-decoder-ogg-theora: a1e56fd34408186e4bbccfd4996cb3dc -> 
  custom:container-muxer-webm: aa71ff27fc2769a1b78a27578f13a17b -> 
  custom:container-demuxer-webm: 4f35f7cbe854078d1ac9338744f61a02 -> 
  custom:video-encoder-webm-vp8: eb34c28f22e8b96e1ab97ce403110664 -> 
  custom:audio-encoder-webm-vorbis: bf7c407c2cedff20999df2af8eb42d56 -> 
  custom:framework-win-MediaFoundation: 216162199b28c13a410421893ffa2e32 -> 
  custom:SearchIndexIgnoredProperties: e643bd26f0fe6173181afceb89e7c659 -> 
  custom:container-demuxer-ogg: 62fdf1f143b41e24485cea50d1cbac27 -> 
  custom:video-decoder-webm-vp8: 9c59270c3fd7afecdb556c50c9e8de78 -> 
  custom:audio-decoder-ogg-vorbis: bf7c407c2cedff20999df2af8eb42d56 -> 
========================================================================
Received Prepare
Registering precompiled user dll's ...
Registered in 0.007929 seconds.
Begin MonoManager ReloadAssembly
Symbol file LoadedFromMemory doesn't match image C:\UnityProjects\SoullessBones\SoullessBones\Library\PackageCache\com.unity.visualscripting@1.7.8\Editor\VisualScripting.Core\Dependencies\YamlDotNet\Unity.VisualScripting.YamlDotNet.dll
Symbol file LoadedFromMemory doesn't match image C:\UnityProjects\SoullessBones\SoullessBones\Library\PackageCache\com.unity.visualscripting@1.7.8\Editor\VisualScripting.Core\Dependencies\DotNetZip\Unity.VisualScripting.IonicZip.dll
Native extension for UWP target not found
Native extension for WindowsStandalone target not found
Native extension for WebGL target not found
Refreshing native plugins compatible for Editor in 1.00 ms, found 4 plugins.
Preloading 0 native plugins for Editor in 0.00 ms.
Mono: successfully reloaded assembly
- Completed reload, in  1.078 seconds
Domain Reload Profiling:
	ReloadAssembly (1079ms)
		BeginReloadAssembly (137ms)
			ExecutionOrderSort (0ms)
			DisableScriptedObjects (5ms)
			BackupInstance (0ms)
			ReleaseScriptingObjects (0ms)
			CreateAndSetChildDomain (40ms)
		EndReloadAssembly (845ms)
			LoadAssemblies (94ms)
			RebuildTransferFunctionScriptingTraits (0ms)
			SetupTypeCache (257ms)
			ReleaseScriptCaches (2ms)
			RebuildScriptCaches (52ms)
			SetupLoadedEditorAssemblies (398ms)
				LogAssemblyErrors (0ms)
				InitializePlatformSupportModulesInManaged (16ms)
				SetLoadedEditorAssemblies (0ms)
				RefreshPlugins (1ms)
				BeforeProcessingInitializeOnLoad (84ms)
				ProcessInitializeOnLoadAttributes (246ms)
				ProcessInitializeOnLoadMethodAttributes (43ms)
				AfterProcessingInitializeOnLoad (8ms)
				EditorAssembliesLoaded (0ms)
			ExecutionOrderSort2 (0ms)
			AwakeInstancesAfterBackupRestoration (9ms)
Platform modules already initialized, skipping
Refreshing native plugins compatible for Editor in 2.86 ms, found 4 plugins.
Preloading 0 native plugins for Editor in 0.00 ms.
Unloading 4222 Unused Serialized files (Serialized files now loaded: 0)
Unloading 32 unused Assets / (266.6 KB). Loaded Objects now: 4691.
Memory consumption went from 157.4 MB to 157.2 MB.
Total: 3.821700 ms (FindLiveObjects: 0.409300 ms CreateObjectMapping: 0.219500 ms MarkObjects: 3.006000 ms  DeleteObjects: 0.185500 ms)

AssetImportParameters requested are different than current active one (requested -> active):
  custom:video-decoder-ogg-theora: a1e56fd34408186e4bbccfd4996cb3dc -> 
  custom:container-muxer-webm: aa71ff27fc2769a1b78a27578f13a17b -> 
  custom:container-demuxer-webm: 4f35f7cbe854078d1ac9338744f61a02 -> 
  custom:video-encoder-webm-vp8: eb34c28f22e8b96e1ab97ce403110664 -> 
  custom:audio-encoder-webm-vorbis: bf7c407c2cedff20999df2af8eb42d56 -> 
  custom:framework-win-MediaFoundation: 216162199b28c13a410421893ffa2e32 -> 
  custom:SearchIndexIgnoredProperties: e643bd26f0fe6173181afceb89e7c659 -> 
  custom:container-demuxer-ogg: 62fdf1f143b41e24485cea50d1cbac27 -> 
  custom:video-decoder-webm-vp8: 9c59270c3fd7afecdb556c50c9e8de78 -> 
  custom:audio-decoder-ogg-vorbis: bf7c407c2cedff20999df2af8eb42d56 -> 
========================================================================
Received Import Request.
  Time since last request: 508555.633958 seconds.
  path: Assets/Sprites/Ground/Terrain v2 (16x16).png
  artifactKey: Guid(8de8c46518be9734aab113f7bffe7a9d) Importer(815301076,1909f56bfc062723c751e8b465ee728b)
Start importing Assets/Sprites/Ground/Terrain v2 (16x16).png using Guid(8de8c46518be9734aab113f7bffe7a9d) Importer(815301076,1909f56bfc062723c751e8b465ee728b)  -> (artifact id: '65fa287880ad3258e83bb1c22196647c') in 0.205523 seconds 
========================================================================
Received Import Request.
  Time since last request: 530.000299 seconds.
  path: Assets/Sprites/Player/Idle (32x32).png
  artifactKey: Guid(ef4f9a25a6b933c439612f319937c584) Importer(2089858483,0ecaa5967403d082aa24f35e1b516d23)
Start importing Assets/Sprites/Player/Idle (32x32).png using Guid(ef4f9a25a6b933c439612f319937c584) Importer(2089858483,0ecaa5967403d082aa24f35e1b516d23) Generated GUIDs only implemented for interfaces!
 -> (artifact id: 'e0141b3a92d4be34ca06d0fc1e8bb8e6') in 0.161268 seconds 
========================================================================
Received Import Request.
  Time since last request: 0.000037 seconds.
  path: Assets/Sprites/Buttons/buttons.png
  artifactKey: Guid(547c704183411b54d9ea70e5cd89bde8) Importer(2089858483,0ecaa5967403d082aa24f35e1b516d23)
Start importing Assets/Sprites/Buttons/buttons.png using Guid(547c704183411b54d9ea70e5cd89bde8) Importer(2089858483,0ecaa5967403d082aa24f35e1b516d23) Generated GUIDs only implemented for interfaces!
 -> (artifact id: '2c266f47e1f5cd477c12a9fae2fc062b') in 0.029590 seconds 
========================================================================
Received Import Request.
  Time since last request: 0.000039 seconds.
  path: Assets/Sprites/Player/Wall Jump (32x32).png
  artifactKey: Guid(07b45f6a6ae64484584d885ea254b001) Importer(2089858483,0ecaa5967403d082aa24f35e1b516d23)
Start importing Assets/Sprites/Player/Wall Jump (32x32).png using Guid(07b45f6a6ae64484584d885ea254b001) Importer(2089858483,0ecaa5967403d082aa24f35e1b516d23) Generated GUIDs only implemented for interfaces!
 -> (artifact id: '5e511b5319315e22385a8288f778aa53') in 0.028868 seconds 
========================================================================
Received Import Request.
  Time since last request: 0.000027 seconds.
  path: Assets/Sprites/HP
  artifactKey: Guid(827e08beea107d9489cf04888aea0b47) Importer(2089858483,0ecaa5967403d082aa24f35e1b516d23)
Start importing Assets/Sprites/HP using Guid(827e08beea107d9489cf04888aea0b47) Importer(2089858483,0ecaa5967403d082aa24f35e1b516d23) Generated GUIDs only implemented for interfaces!
 -> (artifact id: 'cf73063d5dd9c6b7805e1b23ae6f3a52') in 0.008531 seconds 
========================================================================
Received Import Request.
  Time since last request: 0.000030 seconds.
  path: Assets/Sprites/Crow/Crow_Fly2.png
  artifactKey: Guid(5034ce6b0f50c7f4d91f3dda91f033ea) Importer(2089858483,0ecaa5967403d082aa24f35e1b516d23)
Start importing Assets/Sprites/Crow/Crow_Fly2.png using Guid(5034ce6b0f50c7f4d91f3dda91f033ea) Importer(2089858483,0ecaa5967403d082aa24f35e1b516d23) Generated GUIDs only implemented for interfaces!
 -> (artifact id: '8678c191a7766c405eab68e0a8c263c3') in 0.039263 seconds 
========================================================================
Received Import Request.
  Time since last request: 0.000028 seconds.
  path: Assets/Sprites/Crow/Crow_idle1.png
  artifactKey: Guid(10db36b7ffb0b0f43af15e8dd6408f71) Importer(2089858483,0ecaa5967403d082aa24f35e1b516d23)
Start importing Assets/Sprites/Crow/Crow_idle1.png using Guid(10db36b7ffb0b0f43af15e8dd6408f71) Importer(2089858483,0ecaa5967403d082aa24f35e1b516d23) Generated GUIDs only implemented for interfaces!
 -> (artifact id: 'e3a461c6c3d3b27ad78cc05b702aa8c4') in 0.021033 seconds 
========================================================================
Received Import Request.
  Time since last request: 0.000028 seconds.
  path: Assets/Sprites/Crow
  artifactKey: Guid(c9d001c539f82b244843bb60a52cb519) Importer(2089858483,0ecaa5967403d082aa24f35e1b516d23)
Start importing Assets/Sprites/Crow using Guid(c9d001c539f82b244843bb60a52cb519) Importer(2089858483,0ecaa5967403d082aa24f35e1b516d23) Generated GUIDs only implemented for interfaces!
 -> (artifact id: '6dec91f4f4703474c51562e9a190c0bc') in 0.008557 seconds 
========================================================================
Received Import Request.
  Time since last request: 0.000027 seconds.
  path: Assets/Sprites/Crow/Crow_idle2.png
  artifactKey: Guid(5813eb5f21a392a498e689db5cdebb61) Importer(2089858483,0ecaa5967403d082aa24f35e1b516d23)
Start importing Assets/Sprites/Crow/Crow_idle2.png using Guid(5813eb5f21a392a498e689db5cdebb61) Importer(2089858483,0ecaa5967403d082aa24f35e1b516d23) Generated GUIDs only implemented for interfaces!
 -> (artifact id: 'dce23639dc639e0327ac362a96ccd669') in 0.022852 seconds 
========================================================================
Received Import Request.
  Time since last request: 0.000034 seconds.
  path: Assets/Sprites/Ground/hub_bg(16x16).png
  artifactKey: Guid(b7653810cf6514240a759882b933a976) Importer(2089858483,0ecaa5967403d082aa24f35e1b516d23)
Start importing Assets/Sprites/Ground/hub_bg(16x16).png using Guid(b7653810cf6514240a759882b933a976) Importer(2089858483,0ecaa5967403d082aa24f35e1b516d23) Generated GUIDs only implemented for interfaces!
 -> (artifact id: '595a40968af77e09cd10760c523f7161') in 0.019112 seconds 
========================================================================
Received Import Request.
  Time since last request: 0.000029 seconds.
  path: Assets/Sprites/Buttons/signs.png
  artifactKey: Guid(f001bed29c0b7524d9c88dfc635a1f73) Importer(2089858483,0ecaa5967403d082aa24f35e1b516d23)
Start importing Assets/Sprites/Buttons/signs.png using Guid(f001bed29c0b7524d9c88dfc635a1f73) Importer(2089858483,0ecaa5967403d082aa24f35e1b516d23) Generated GUIDs only implemented for interfaces!
 -> (artifact id: '0d8e9ad06a7b87dd39b4cfa42525f70c') in 0.025531 seconds 
========================================================================
Received Import Request.
  Time since last request: 0.000039 seconds.
  path: Assets/Sprites/Ground/web(16x16).png
  artifactKey: Guid(95a05f94a94a684479f1311ab48385e3) Importer(2089858483,0ecaa5967403d082aa24f35e1b516d23)
Start importing Assets/Sprites/Ground/web(16x16).png using Guid(95a05f94a94a684479f1311ab48385e3) Importer(2089858483,0ecaa5967403d082aa24f35e1b516d23) Generated GUIDs only implemented for interfaces!
 -> (artifact id: '3276bbcec6f51438aebe73861c43b320') in 0.062361 seconds 
========================================================================
Received Import Request.
  Time since last request: 1026.425193 seconds.
  path: Assets/Palletes/Ground hub/web(16x16)_1.asset
  artifactKey: Guid(e8cc0bf6eb8ee9649bd409cc0e52a9f0) Importer(2089858483,0ecaa5967403d082aa24f35e1b516d23)
Start importing Assets/Palletes/Ground hub/web(16x16)_1.asset using Guid(e8cc0bf6eb8ee9649bd409cc0e52a9f0) Importer(2089858483,0ecaa5967403d082aa24f35e1b516d23) Generated GUIDs only implemented for interfaces!
 -> (artifact id: '9f990d6dfa7809f955997c75918c8922') in 0.036430 seconds 
========================================================================
Received Import Request.
  Time since last request: 0.011376 seconds.
  path: Assets/Palletes/Ground hub/web(16x16)_3.asset
  artifactKey: Guid(22541efa6eb06574295d79354edc69cb) Importer(2089858483,0ecaa5967403d082aa24f35e1b516d23)
Start importing Assets/Palletes/Ground hub/web(16x16)_3.asset using Guid(22541efa6eb06574295d79354edc69cb) Importer(2089858483,0ecaa5967403d082aa24f35e1b516d23) Generated GUIDs only implemented for interfaces!
 -> (artifact id: 'c47b4258516780d9104b573a3f159f30') in 0.019954 seconds 
========================================================================
Received Import Request.
  Time since last request: 0.000033 seconds.
  path: Assets/Palletes/Ground hub/web(16x16)_12.asset
  artifactKey: Guid(f81cbad3bda046e4282735b3209122a5) Importer(2089858483,0ecaa5967403d082aa24f35e1b516d23)
Start importing Assets/Palletes/Ground hub/web(16x16)_12.asset using Guid(f81cbad3bda046e4282735b3209122a5) Importer(2089858483,0ecaa5967403d082aa24f35e1b516d23) Generated GUIDs only implemented for interfaces!
 -> (artifact id: 'd3a084afd4c94207659d1b24a4d037c0') in 0.018810 seconds 
========================================================================
Received Import Request.
  Time since last request: 0.000028 seconds.
  path: Assets/Palletes/Ground hub/web(16x16)_15.asset
  artifactKey: Guid(b259efcb8c3d0a548a482db1ea4931c0) Importer(2089858483,0ecaa5967403d082aa24f35e1b516d23)
Start importing Assets/Palletes/Ground hub/web(16x16)_15.asset using Guid(b259efcb8c3d0a548a482db1ea4931c0) Importer(2089858483,0ecaa5967403d082aa24f35e1b516d23) Generated GUIDs only implemented for interfaces!
 -> (artifact id: '4991155fed63423d97084455ca3e7349') in 0.016913 seconds 
========================================================================
Received Import Request.
  Time since last request: 0.000041 seconds.
  path: Assets/Palletes/Ground hub/web(16x16)_8.asset
  artifactKey: Guid(ef5a815304872f04d8fd0b140f9eba09) Importer(2089858483,0ecaa5967403d082aa24f35e1b516d23)
Start importing Assets/Palletes/Ground hub/web(16x16)_8.asset using Guid(ef5a815304872f04d8fd0b140f9eba09) Importer(2089858483,0ecaa5967403d082aa24f35e1b516d23) Generated GUIDs only implemented for interfaces!
 -> (artifact id: '4d149545a63359b38e461b2202977abe') in 0.019369 seconds 
========================================================================
Received Import Request.
  Time since last request: 0.000048 seconds.
  path: Assets/Palletes/Ground hub/web(16x16)_6.asset
  artifactKey: Guid(065ccdb7ec824744f8e2585bffc311a5) Importer(2089858483,0ecaa5967403d082aa24f35e1b516d23)
Start importing Assets/Palletes/Ground hub/web(16x16)_6.asset using Guid(065ccdb7ec824744f8e2585bffc311a5) Importer(2089858483,0ecaa5967403d082aa24f35e1b516d23) Generated GUIDs only implemented for interfaces!
 -> (artifact id: '412d38f6baec71b9fd3e8fba53dbe355') in 0.018091 seconds 
========================================================================
Received Import Request.
  Time since last request: 0.000044 seconds.
  path: Assets/Palletes/Ground hub/web(16x16)_5.asset
  artifactKey: Guid(593803510d916c14889e101b2d89ab50) Importer(2089858483,0ecaa5967403d082aa24f35e1b516d23)
Start importing Assets/Palletes/Ground hub/web(16x16)_5.asset using Guid(593803510d916c14889e101b2d89ab50) Importer(2089858483,0ecaa5967403d082aa24f35e1b516d23) Generated GUIDs only implemented for interfaces!
 -> (artifact id: '4c3260ec2540efa575798c3c57eb65f4') in 0.018952 seconds 
========================================================================
Received Import Request.
  Time since last request: 0.000035 seconds.
  path: Assets/Palletes/Ground hub/web(16x16)_2.asset
  artifactKey: Guid(5e7e9d194e628f240950a673aae302bf) Importer(2089858483,0ecaa5967403d082aa24f35e1b516d23)
Start importing Assets/Palletes/Ground hub/web(16x16)_2.asset using Guid(5e7e9d194e628f240950a673aae302bf) Importer(2089858483,0ecaa5967403d082aa24f35e1b516d23) Generated GUIDs only implemented for interfaces!
 -> (artifact id: 'd23506e785e65198849d7a54dbdb2ff7') in 0.016735 seconds 
========================================================================
Received Import Request.
  Time since last request: 0.000043 seconds.
  path: Assets/Palletes/Ground hub/web(16x16)_9.asset
  artifactKey: Guid(8e9f4c765480a6746b4fef6d3025188d) Importer(2089858483,0ecaa5967403d082aa24f35e1b516d23)
Start importing Assets/Palletes/Ground hub/web(16x16)_9.asset using Guid(8e9f4c765480a6746b4fef6d3025188d) Importer(2089858483,0ecaa5967403d082aa24f35e1b516d23) Generated GUIDs only implemented for interfaces!
 -> (artifact id: 'ce46bcefc039a1226bc66bd6d1a1f11c') in 0.014776 seconds 
========================================================================
Received Import Request.
  Time since last request: 2.420869 seconds.
  path: Assets/Sprites/Buttons/signs.png
  artifactKey: Guid(f001bed29c0b7524d9c88dfc635a1f73) Importer(815301076,1909f56bfc062723c751e8b465ee728b)
Start importing Assets/Sprites/Buttons/signs.png using Guid(f001bed29c0b7524d9c88dfc635a1f73) Importer(815301076,1909f56bfc062723c751e8b465ee728b)  -> (artifact id: '791f258f5c01caa411895d89ec0ee279') in 0.033735 seconds 
========================================================================
Received Import Request.
  Time since last request: 2.718869 seconds.
  path: Assets/Palletes/Ground hub/web(16x16)_0.asset
  artifactKey: Guid(9b6dde1b669dc374c89ef6d7ff97c636) Importer(815301076,1909f56bfc062723c751e8b465ee728b)
Start importing Assets/Palletes/Ground hub/web(16x16)_0.asset using Guid(9b6dde1b669dc374c89ef6d7ff97c636) Importer(815301076,1909f56bfc062723c751e8b465ee728b)  -> (artifact id: '491b0f8fec8d3cf24b2060210c662da9') in 0.092713 seconds 
========================================================================
Received Import Request.
  Time since last request: 0.000041 seconds.
  path: Assets/Palletes/Ground hub/web(16x16)_3.asset
  artifactKey: Guid(22541efa6eb06574295d79354edc69cb) Importer(815301076,1909f56bfc062723c751e8b465ee728b)
Start importing Assets/Palletes/Ground hub/web(16x16)_3.asset using Guid(22541efa6eb06574295d79354edc69cb) Importer(815301076,1909f56bfc062723c751e8b465ee728b)  -> (artifact id: '5a63cb17177c00fb264aeeeb3290b544') in 0.016948 seconds 
========================================================================
Received Import Request.
  Time since last request: 0.000042 seconds.
  path: Assets/Palletes/Ground hub/web(16x16)_7.asset
  artifactKey: Guid(64369697a385f6b4da7fd3f94e1258a3) Importer(815301076,1909f56bfc062723c751e8b465ee728b)
Start importing Assets/Palletes/Ground hub/web(16x16)_7.asset using Guid(64369697a385f6b4da7fd3f94e1258a3) Importer(815301076,1909f56bfc062723c751e8b465ee728b)  -> (artifact id: '4b7409b086cb4a8212a041c7945416a8') in 0.015717 seconds 
========================================================================
Received Import Request.
  Time since last request: 182.176815 seconds.
  path: Assets/Animations/Player/player_fall.anim
  artifactKey: Guid(2c7469698c6c7e948b00dee5e133c946) Importer(2089858483,0ecaa5967403d082aa24f35e1b516d23)
Start importing Assets/Animations/Player/player_fall.anim using Guid(2c7469698c6c7e948b00dee5e133c946) Importer(2089858483,0ecaa5967403d082aa24f35e1b516d23) Generated GUIDs only implemented for interfaces!
 -> (artifact id: '23313ea5524df9e7192a4347a4018b07') in 0.020338 seconds 
========================================================================
Received Import Request.
  Time since last request: 0.000040 seconds.
  path: Assets/Animations/Player/player_run.anim
  artifactKey: Guid(88cbd235223bc29439f24d28ad3f9b67) Importer(2089858483,0ecaa5967403d082aa24f35e1b516d23)
Start importing Assets/Animations/Player/player_run.anim using Guid(88cbd235223bc29439f24d28ad3f9b67) Importer(2089858483,0ecaa5967403d082aa24f35e1b516d23) Generated GUIDs only implemented for interfaces!
 -> (artifact id: 'f81cc19efe34ab8256deebd2a5761036') in 0.015483 seconds 
========================================================================
Received Import Request.
  Time since last request: 0.000038 seconds.
  path: Assets/Animations/Player/Player.controller
  artifactKey: Guid(a9902fffb1eebc84c8040059c249c970) Importer(2089858483,0ecaa5967403d082aa24f35e1b516d23)
Start importing Assets/Animations/Player/Player.controller using Guid(a9902fffb1eebc84c8040059c249c970) Importer(2089858483,0ecaa5967403d082aa24f35e1b516d23) Generated GUIDs only implemented for interfaces!
 -> (artifact id: '9b54abfd3250007b4b5a5b9c83d5ed65') in 0.013132 seconds 
Editor requested this worker to shutdown with reason: Scaling down because of idle timeout
AssetImportWorker is now disconnected from the server
Process exiting
Exiting without the bug reporter. Application will terminate with return code 0