Using pre-set license
Built from '2021.3/release' branch; Version is '2021.3.12f1 (8af3c3e441b1) revision 9106371'; Using compiler version '192829333'; Build Type 'Release'
OS: 'Windows 10  (10.0.19044) 64bit Professional' Language: 'ru' Physical Memory: 15706 MB
BatchMode: 1, IsHumanControllingUs: 0, StartBugReporterOnCrash: 0, Is64bit: 1, IsPro: 1

COMMAND LINE ARGUMENTS:
C:\Program Files\Unity\Hub\Editor\2021.3.12f1\Editor\Unity.exe
-adb2
-batchMode
-noUpm
-name
AssetImportWorker2
-projectPath
C:/UnityProjects/SoullessBones/SoullessBones
-logFile
Logs/AssetImportWorker2.log
-srvPort
55046
Successfully changed project path to: C:/UnityProjects/SoullessBones/SoullessBones
C:/UnityProjects/SoullessBones/SoullessBones
[UnityMemory] Configuration Parameters - Can be set up in boot.config
    "memorysetup-bucket-allocator-granularity=16"
    "memorysetup-bucket-allocator-bucket-count=8"
    "memorysetup-bucket-allocator-block-size=33554432"
    "memorysetup-bucket-allocator-block-count=8"
    "memorysetup-main-allocator-block-size=16777216"
    "memorysetup-thread-allocator-block-size=16777216"
    "memorysetup-gfx-main-allocator-block-size=16777216"
    "memorysetup-gfx-thread-allocator-block-size=16777216"
    "memorysetup-cache-allocator-block-size=4194304"
    "memorysetup-typetree-allocator-block-size=2097152"
    "memorysetup-profiler-bucket-allocator-granularity=16"
    "memorysetup-profiler-bucket-allocator-bucket-count=8"
    "memorysetup-profiler-bucket-allocator-block-size=33554432"
    "memorysetup-profiler-bucket-allocator-block-count=8"
    "memorysetup-profiler-allocator-block-size=16777216"
    "memorysetup-profiler-editor-allocator-block-size=1048576"
    "memorysetup-temp-allocator-size-main=16777216"
    "memorysetup-job-temp-allocator-block-size=2097152"
    "memorysetup-job-temp-allocator-block-size-background=1048576"
    "memorysetup-job-temp-allocator-reduction-small-platforms=262144"
    "memorysetup-temp-allocator-size-background-worker=32768"
    "memorysetup-temp-allocator-size-job-worker=262144"
    "memorysetup-temp-allocator-size-preload-manager=33554432"
    "memorysetup-temp-allocator-size-nav-mesh-worker=65536"
    "memorysetup-temp-allocator-size-audio-worker=65536"
    "memorysetup-temp-allocator-size-cloud-worker=32768"
    "memorysetup-temp-allocator-size-gi-baking-worker=262144"
    "memorysetup-temp-allocator-size-gfx=262144"
Refreshing native plugins compatible for Editor in 95.57 ms, found 4 plugins.
Preloading 0 native plugins for Editor in 0.00 ms.
Initialize engine version: 2021.3.12f1 (8af3c3e441b1)
[Subsystems] Discovering subsystems at path C:/Program Files/Unity/Hub/Editor/2021.3.12f1/Editor/Data/Resources/UnitySubsystems
[Subsystems] Discovering subsystems at path C:/UnityProjects/SoullessBones/SoullessBones/Assets
GfxDevice: creating device client; threaded=0; jobified=0
Direct3D:
    Version:  Direct3D 11.0 [level 11.1]
    Renderer: NVIDIA GeForce GTX 1650 (ID=0x1f9d)
    Vendor:   NVIDIA
    VRAM:     3962 MB
    Driver:   31.0.15.1694
Initialize mono
Mono path[0] = 'C:/Program Files/Unity/Hub/Editor/2021.3.12f1/Editor/Data/Managed'
Mono path[1] = 'C:/Program Files/Unity/Hub/Editor/2021.3.12f1/Editor/Data/MonoBleedingEdge/lib/mono/unityjit-win32'
Mono config path = 'C:/Program Files/Unity/Hub/Editor/2021.3.12f1/Editor/Data/MonoBleedingEdge/etc'
Using monoOptions --debugger-agent=transport=dt_socket,embedding=1,server=y,suspend=n,address=127.0.0.1:56032
Begin MonoManager ReloadAssembly
Registering precompiled unity dll's ...
Register platform support module: C:/Program Files/Unity/Hub/Editor/2021.3.12f1/Editor/Data/PlaybackEngines/WindowsStandaloneSupport/UnityEditor.WindowsStandalone.Extensions.dll
Registered in 0.011352 seconds.
Native extension for WindowsStandalone target not found
Refreshing native plugins compatible for Editor in 99.03 ms, found 4 plugins.
Preloading 0 native plugins for Editor in 0.00 ms.
Mono: successfully reloaded assembly
- Completed reload, in  0.701 seconds
Domain Reload Profiling:
	ReloadAssembly (701ms)
		BeginReloadAssembly (80ms)
			ExecutionOrderSort (0ms)
			DisableScriptedObjects (0ms)
			BackupInstance (0ms)
			ReleaseScriptingObjects (0ms)
			CreateAndSetChildDomain (1ms)
		EndReloadAssembly (484ms)
			LoadAssemblies (78ms)
			RebuildTransferFunctionScriptingTraits (0ms)
			SetupTypeCache (113ms)
			ReleaseScriptCaches (0ms)
			RebuildScriptCaches (29ms)
			SetupLoadedEditorAssemblies (286ms)
				LogAssemblyErrors (0ms)
				InitializePlatformSupportModulesInManaged (8ms)
				SetLoadedEditorAssemblies (0ms)
				RefreshPlugins (99ms)
				BeforeProcessingInitializeOnLoad (2ms)
				ProcessInitializeOnLoadAttributes (120ms)
				ProcessInitializeOnLoadMethodAttributes (58ms)
				AfterProcessingInitializeOnLoad (0ms)
				EditorAssembliesLoaded (0ms)
			ExecutionOrderSort2 (0ms)
			AwakeInstancesAfterBackupRestoration (0ms)
Platform modules already initialized, skipping
Registering precompiled user dll's ...
Registered in 0.006939 seconds.
Begin MonoManager ReloadAssembly
Symbol file LoadedFromMemory doesn't match image C:\UnityProjects\SoullessBones\SoullessBones\Library\PackageCache\com.unity.visualscripting@1.7.8\Editor\VisualScripting.Core\Dependencies\YamlDotNet\Unity.VisualScripting.YamlDotNet.dll
Symbol file LoadedFromMemory doesn't match image C:\UnityProjects\SoullessBones\SoullessBones\Library\PackageCache\com.unity.visualscripting@1.7.8\Editor\VisualScripting.Core\Dependencies\DotNetZip\Unity.VisualScripting.IonicZip.dll
Native extension for WindowsStandalone target not found
Refreshing native plugins compatible for Editor in 100.24 ms, found 4 plugins.
Preloading 0 native plugins for Editor in 0.00 ms.
Mono: successfully reloaded assembly
- Completed reload, in  1.272 seconds
Domain Reload Profiling:
	ReloadAssembly (1273ms)
		BeginReloadAssembly (119ms)
			ExecutionOrderSort (0ms)
			DisableScriptedObjects (6ms)
			BackupInstance (0ms)
			ReleaseScriptingObjects (0ms)
			CreateAndSetChildDomain (22ms)
		EndReloadAssembly (1027ms)
			LoadAssemblies (102ms)
			RebuildTransferFunctionScriptingTraits (0ms)
			SetupTypeCache (269ms)
			ReleaseScriptCaches (1ms)
			RebuildScriptCaches (71ms)
			SetupLoadedEditorAssemblies (539ms)
				LogAssemblyErrors (0ms)
				InitializePlatformSupportModulesInManaged (5ms)
				SetLoadedEditorAssemblies (0ms)
				RefreshPlugins (100ms)
				BeforeProcessingInitializeOnLoad (104ms)
				ProcessInitializeOnLoadAttributes (267ms)
				ProcessInitializeOnLoadMethodAttributes (54ms)
				AfterProcessingInitializeOnLoad (7ms)
				EditorAssembliesLoaded (0ms)
			ExecutionOrderSort2 (0ms)
			AwakeInstancesAfterBackupRestoration (5ms)
Platform modules already initialized, skipping
========================================================================
Worker process is ready to serve import requests
Launched and connected shader compiler UnityShaderCompiler.exe after 0.05 seconds
Refreshing native plugins compatible for Editor in 0.90 ms, found 4 plugins.
Preloading 0 native plugins for Editor in 0.00 ms.
Unloading 4299 Unused Serialized files (Serialized files now loaded: 0)
Unloading 51 unused Assets / (129.0 KB). Loaded Objects now: 4755.
Memory consumption went from 161.5 MB to 161.3 MB.
Total: 4.154300 ms (FindLiveObjects: 0.483600 ms CreateObjectMapping: 0.130900 ms MarkObjects: 3.368600 ms  DeleteObjects: 0.169200 ms)

AssetImportParameters requested are different than current active one (requested -> active):
  custom:video-decoder-ogg-theora: a1e56fd34408186e4bbccfd4996cb3dc -> 
  custom:container-muxer-webm: aa71ff27fc2769a1b78a27578f13a17b -> 
  custom:container-demuxer-webm: 4f35f7cbe854078d1ac9338744f61a02 -> 
  custom:video-encoder-webm-vp8: eb34c28f22e8b96e1ab97ce403110664 -> 
  custom:audio-encoder-webm-vorbis: bf7c407c2cedff20999df2af8eb42d56 -> 
  custom:framework-win-MediaFoundation: 216162199b28c13a410421893ffa2e32 -> 
  custom:container-demuxer-ogg: 62fdf1f143b41e24485cea50d1cbac27 -> 
  custom:video-decoder-webm-vp8: 9c59270c3fd7afecdb556c50c9e8de78 -> 
  custom:audio-decoder-ogg-vorbis: bf7c407c2cedff20999df2af8eb42d56 -> 
========================================================================
Received Import Request.
  Time since last request: 39097.705206 seconds.
  path: Assets/Sprites/Ghost Player/Ghost Fall (32x32).png
  artifactKey: Guid(7a96409dda3186640b7119f12c8f01bc) Importer(815301076,1909f56bfc062723c751e8b465ee728b)
Start importing Assets/Sprites/Ghost Player/Ghost Fall (32x32).png using Guid(7a96409dda3186640b7119f12c8f01bc) Importer(815301076,1909f56bfc062723c751e8b465ee728b)  -> (artifact id: 'ae0b92e1c42e4c7ead11c0d95dc9b935') in 0.114133 seconds 
========================================================================
Received Import Request.
  Time since last request: 0.000024 seconds.
  path: Assets/Sprites/Ghost Player/Ghost Idle (32x32).png
  artifactKey: Guid(eed00b3d927b39744995dcf02962a627) Importer(815301076,1909f56bfc062723c751e8b465ee728b)
Start importing Assets/Sprites/Ghost Player/Ghost Idle (32x32).png using Guid(eed00b3d927b39744995dcf02962a627) Importer(815301076,1909f56bfc062723c751e8b465ee728b)  -> (artifact id: '4aaae3551695b5aaca792bad82a61881') in 0.020811 seconds 
========================================================================
Received Import Request.
  Time since last request: 32.299828 seconds.
  path: Assets/Sprites/Ghost Player/Ghost Fall (32x32).png
  artifactKey: Guid(7a96409dda3186640b7119f12c8f01bc) Importer(815301076,1909f56bfc062723c751e8b465ee728b)
Start importing Assets/Sprites/Ghost Player/Ghost Fall (32x32).png using Guid(7a96409dda3186640b7119f12c8f01bc) Importer(815301076,1909f56bfc062723c751e8b465ee728b)  -> (artifact id: '0e0bf44ebfc9df2f84e4ca448866e689') in 0.013095 seconds 
========================================================================
Received Import Request.
  Time since last request: 2.817559 seconds.
  path: Assets/Sprites/Ghost Player/Ghost Idle (32x32).png
  artifactKey: Guid(eed00b3d927b39744995dcf02962a627) Importer(815301076,1909f56bfc062723c751e8b465ee728b)
Start importing Assets/Sprites/Ghost Player/Ghost Idle (32x32).png using Guid(eed00b3d927b39744995dcf02962a627) Importer(815301076,1909f56bfc062723c751e8b465ee728b)  -> (artifact id: '927f403fd031a27f0c055896bf4fdcfe') in 0.012611 seconds 
========================================================================
Received Import Request.
  Time since last request: 2.789094 seconds.
  path: Assets/Sprites/Ghost Player/Ghost Jump (32x32).png
  artifactKey: Guid(d25882317f07588478c132e3913e12ea) Importer(815301076,1909f56bfc062723c751e8b465ee728b)
Start importing Assets/Sprites/Ghost Player/Ghost Jump (32x32).png using Guid(d25882317f07588478c132e3913e12ea) Importer(815301076,1909f56bfc062723c751e8b465ee728b)  -> (artifact id: 'fd3884f3b192bc2b8b244e0db58175f4') in 0.010331 seconds 
========================================================================
Received Import Request.
  Time since last request: 4.012587 seconds.
  path: Assets/Sprites/Ghost Player/Ghost Run (32x32).png
  artifactKey: Guid(4620fd20a3dc14448b38db5b05e1540d) Importer(815301076,1909f56bfc062723c751e8b465ee728b)
Start importing Assets/Sprites/Ghost Player/Ghost Run (32x32).png using Guid(4620fd20a3dc14448b38db5b05e1540d) Importer(815301076,1909f56bfc062723c751e8b465ee728b)  -> (artifact id: 'c56da0d0b303f5a6bb2fb4e945577af3') in 0.012757 seconds 
========================================================================
Received Import Request.
  Time since last request: 2.382966 seconds.
  path: Assets/Sprites/Ghost Player/Ghost Wall Jump (32x32).png
  artifactKey: Guid(30bb4c7235d91804fbcda24071ee35cb) Importer(815301076,1909f56bfc062723c751e8b465ee728b)
Start importing Assets/Sprites/Ghost Player/Ghost Wall Jump (32x32).png using Guid(30bb4c7235d91804fbcda24071ee35cb) Importer(815301076,1909f56bfc062723c751e8b465ee728b)  -> (artifact id: 'c873949934cb7d39babc9a95c30b0ceb') in 0.011150 seconds 
========================================================================
Received Import Request.
  Time since last request: 45.283768 seconds.
  path: Assets/Sprites/Ghost Player/Ghost Idle (32x32).png
  artifactKey: Guid(eed00b3d927b39744995dcf02962a627) Importer(815301076,1909f56bfc062723c751e8b465ee728b)
Start importing Assets/Sprites/Ghost Player/Ghost Idle (32x32).png using Guid(eed00b3d927b39744995dcf02962a627) Importer(815301076,1909f56bfc062723c751e8b465ee728b)  -> (artifact id: '691c7853d87728b8195cbec2a1729e5d') in 0.010362 seconds 
========================================================================
Received Import Request.
  Time since last request: 13.594117 seconds.
  path: Assets/Sprites/Ghost Player/Ghost Idle (32x32).png
  artifactKey: Guid(eed00b3d927b39744995dcf02962a627) Importer(815301076,1909f56bfc062723c751e8b465ee728b)
Start importing Assets/Sprites/Ghost Player/Ghost Idle (32x32).png using Guid(eed00b3d927b39744995dcf02962a627) Importer(815301076,1909f56bfc062723c751e8b465ee728b)  -> (artifact id: 'de585a1a66b6391114284cd4de224f5e') in 0.056102 seconds 
========================================================================
Received Import Request.
  Time since last request: 23.075106 seconds.
  path: Assets/Sprites/Ghost Player/Ghost Run (32x32).png
  artifactKey: Guid(4620fd20a3dc14448b38db5b05e1540d) Importer(815301076,1909f56bfc062723c751e8b465ee728b)
Start importing Assets/Sprites/Ghost Player/Ghost Run (32x32).png using Guid(4620fd20a3dc14448b38db5b05e1540d) Importer(815301076,1909f56bfc062723c751e8b465ee728b)  -> (artifact id: '0551b49aa7b2a4ca6de0259b8f6e1544') in 0.010872 seconds 
========================================================================
Received Import Request.
  Time since last request: 7.265408 seconds.
  path: Assets/Sprites/Ghost Player/Ghost Run (32x32).png
  artifactKey: Guid(4620fd20a3dc14448b38db5b05e1540d) Importer(815301076,1909f56bfc062723c751e8b465ee728b)
Start importing Assets/Sprites/Ghost Player/Ghost Run (32x32).png using Guid(4620fd20a3dc14448b38db5b05e1540d) Importer(815301076,1909f56bfc062723c751e8b465ee728b)  -> (artifact id: '5c714ab354ebe65f8b52f8e752ddca3e') in 0.058683 seconds 
========================================================================
Received Import Request.
  Time since last request: 17.194476 seconds.
  path: Assets/Sprites/Ghost Player/Ghost Fall (32x32).png
  artifactKey: Guid(7a96409dda3186640b7119f12c8f01bc) Importer(815301076,1909f56bfc062723c751e8b465ee728b)
Start importing Assets/Sprites/Ghost Player/Ghost Fall (32x32).png using Guid(7a96409dda3186640b7119f12c8f01bc) Importer(815301076,1909f56bfc062723c751e8b465ee728b)  -> (artifact id: '423de2670da11dc411dfc551c93141e7') in 0.014507 seconds 
========================================================================
Received Import Request.
  Time since last request: 7.520664 seconds.
  path: Assets/Sprites/Ghost Player/Ghost Jump (32x32).png
  artifactKey: Guid(d25882317f07588478c132e3913e12ea) Importer(815301076,1909f56bfc062723c751e8b465ee728b)
Start importing Assets/Sprites/Ghost Player/Ghost Jump (32x32).png using Guid(d25882317f07588478c132e3913e12ea) Importer(815301076,1909f56bfc062723c751e8b465ee728b)  -> (artifact id: '26b85ae35eb3e4740a25b4c593003b2f') in 0.010370 seconds 
========================================================================
Received Import Request.
  Time since last request: 7.540793 seconds.
  path: Assets/Sprites/Ghost Player/Ghost Run (32x32).png
  artifactKey: Guid(4620fd20a3dc14448b38db5b05e1540d) Importer(815301076,1909f56bfc062723c751e8b465ee728b)
Start importing Assets/Sprites/Ghost Player/Ghost Run (32x32).png using Guid(4620fd20a3dc14448b38db5b05e1540d) Importer(815301076,1909f56bfc062723c751e8b465ee728b)  -> (artifact id: '89d4c65ae155e4dc8fb22e1c6f738db7') in 0.051128 seconds 
========================================================================
Received Import Request.
  Time since last request: 41.752881 seconds.
  path: Assets/Sprites/Ghost Player/Ghost Wall Jump (32x32).png
  artifactKey: Guid(30bb4c7235d91804fbcda24071ee35cb) Importer(815301076,1909f56bfc062723c751e8b465ee728b)
Start importing Assets/Sprites/Ghost Player/Ghost Wall Jump (32x32).png using Guid(30bb4c7235d91804fbcda24071ee35cb) Importer(815301076,1909f56bfc062723c751e8b465ee728b)  -> (artifact id: 'f9c39ed0835a168b7d1465b3be731472') in 0.014866 seconds 
========================================================================
Received Import Request.
  Time since last request: 132.695330 seconds.
  path: Assets/Sprites/Ghost Player/Ghost Idle (32x32).png
  artifactKey: Guid(eed00b3d927b39744995dcf02962a627) Importer(815301076,1909f56bfc062723c751e8b465ee728b)
Start importing Assets/Sprites/Ghost Player/Ghost Idle (32x32).png using Guid(eed00b3d927b39744995dcf02962a627) Importer(815301076,1909f56bfc062723c751e8b465ee728b)  -> (artifact id: '97e13e961dd22a3a52684f51c160b8dd') in 0.040500 seconds 
========================================================================
Received Import Request.
  Time since last request: 2.342990 seconds.
  path: Assets/Sprites/Ghost Player/Ghost Fall (32x32).png
  artifactKey: Guid(7a96409dda3186640b7119f12c8f01bc) Importer(815301076,1909f56bfc062723c751e8b465ee728b)
Start importing Assets/Sprites/Ghost Player/Ghost Fall (32x32).png using Guid(7a96409dda3186640b7119f12c8f01bc) Importer(815301076,1909f56bfc062723c751e8b465ee728b)  -> (artifact id: '7feb05afd7cd09f35b2d467d5e977732') in 0.012555 seconds 
========================================================================
Received Import Request.
  Time since last request: 3.168843 seconds.
  path: Assets/Sprites/Ghost Player/Ghost Jump (32x32).png
  artifactKey: Guid(d25882317f07588478c132e3913e12ea) Importer(815301076,1909f56bfc062723c751e8b465ee728b)
Start importing Assets/Sprites/Ghost Player/Ghost Jump (32x32).png using Guid(d25882317f07588478c132e3913e12ea) Importer(815301076,1909f56bfc062723c751e8b465ee728b)  -> (artifact id: 'efc23aa889eb440583a348b2d04f901f') in 0.009739 seconds 
========================================================================
Received Import Request.
  Time since last request: 8.222664 seconds.
  path: Assets/Sprites/Ghost Player/Ghost Run (32x32).png
  artifactKey: Guid(4620fd20a3dc14448b38db5b05e1540d) Importer(815301076,1909f56bfc062723c751e8b465ee728b)
Start importing Assets/Sprites/Ghost Player/Ghost Run (32x32).png using Guid(4620fd20a3dc14448b38db5b05e1540d) Importer(815301076,1909f56bfc062723c751e8b465ee728b)  -> (artifact id: 'b7feb68caab1690881108591e6ba1573') in 0.052596 seconds 
========================================================================
Received Import Request.
  Time since last request: 40.469821 seconds.
  path: Assets/Sprites/Ghost Player/Ghost Wall Jump (32x32).png
  artifactKey: Guid(30bb4c7235d91804fbcda24071ee35cb) Importer(815301076,1909f56bfc062723c751e8b465ee728b)
Start importing Assets/Sprites/Ghost Player/Ghost Wall Jump (32x32).png using Guid(30bb4c7235d91804fbcda24071ee35cb) Importer(815301076,1909f56bfc062723c751e8b465ee728b)  -> (artifact id: '787531b75f2af1d01fdab2ddfe2ea2ec') in 0.014532 seconds 
========================================================================
Received Import Request.
  Time since last request: 8.336886 seconds.
  path: Assets/Sprites/Ghost Player/Ghost Wall Jump (32x32).png
  artifactKey: Guid(30bb4c7235d91804fbcda24071ee35cb) Importer(815301076,1909f56bfc062723c751e8b465ee728b)
Start importing Assets/Sprites/Ghost Player/Ghost Wall Jump (32x32).png using Guid(30bb4c7235d91804fbcda24071ee35cb) Importer(815301076,1909f56bfc062723c751e8b465ee728b)  -> (artifact id: '82a0a449ce0e6f6d626d8f986a693ed1') in 0.010059 seconds 
========================================================================
Received Import Request.
  Time since last request: 3.401446 seconds.
  path: Assets/Sprites/Ghost Player/Ghost Wall Jump (32x32).png
  artifactKey: Guid(30bb4c7235d91804fbcda24071ee35cb) Importer(815301076,1909f56bfc062723c751e8b465ee728b)
Start importing Assets/Sprites/Ghost Player/Ghost Wall Jump (32x32).png using Guid(30bb4c7235d91804fbcda24071ee35cb) Importer(815301076,1909f56bfc062723c751e8b465ee728b)  -> (artifact id: '510003c1b998a134e8ebe3036362d33c') in 0.018163 seconds 
========================================================================
Received Import Request.
  Time since last request: 845.370615 seconds.
  path: ProjectSettings/TagManager.asset
  artifactKey: Guid(00000000000000003000000000000000) Importer(815301076,1909f56bfc062723c751e8b465ee728b)
Start importing ProjectSettings/TagManager.asset using Guid(00000000000000003000000000000000) Importer(815301076,1909f56bfc062723c751e8b465ee728b)  -> (artifact id: '516e3f1adb6a47da31b7782a421bde49') in 0.012450 seconds 
========================================================================
Received Import Request.
  Time since last request: 237.480869 seconds.
  path: Assets/Animations
  artifactKey: Guid(2dd6fed96fb34b44780d16250cf44fb5) Importer(815301076,1909f56bfc062723c751e8b465ee728b)
Start importing Assets/Animations using Guid(2dd6fed96fb34b44780d16250cf44fb5) Importer(815301076,1909f56bfc062723c751e8b465ee728b)  -> (artifact id: '5a3817954c4e3147e8c9a2975ea96e18') in 0.005929 seconds 
========================================================================
Received Prepare
Registering precompiled user dll's ...
Registered in 0.008399 seconds.
Begin MonoManager ReloadAssembly
Symbol file LoadedFromMemory doesn't match image C:\UnityProjects\SoullessBones\SoullessBones\Library\PackageCache\com.unity.visualscripting@1.7.8\Editor\VisualScripting.Core\Dependencies\YamlDotNet\Unity.VisualScripting.YamlDotNet.dll
Symbol file LoadedFromMemory doesn't match image C:\UnityProjects\SoullessBones\SoullessBones\Library\PackageCache\com.unity.visualscripting@1.7.8\Editor\VisualScripting.Core\Dependencies\DotNetZip\Unity.VisualScripting.IonicZip.dll
Native extension for WindowsStandalone target not found
Refreshing native plugins compatible for Editor in 0.99 ms, found 4 plugins.
Preloading 0 native plugins for Editor in 0.00 ms.
Mono: successfully reloaded assembly
- Completed reload, in  1.092 seconds
Domain Reload Profiling:
	ReloadAssembly (1092ms)
		BeginReloadAssembly (137ms)
			ExecutionOrderSort (0ms)
			DisableScriptedObjects (7ms)
			BackupInstance (0ms)
			ReleaseScriptingObjects (0ms)
			CreateAndSetChildDomain (40ms)
		EndReloadAssembly (853ms)
			LoadAssemblies (90ms)
			RebuildTransferFunctionScriptingTraits (0ms)
			SetupTypeCache (251ms)
			ReleaseScriptCaches (2ms)
			RebuildScriptCaches (53ms)
			SetupLoadedEditorAssemblies (405ms)
				LogAssemblyErrors (0ms)
				InitializePlatformSupportModulesInManaged (13ms)
				SetLoadedEditorAssemblies (1ms)
				RefreshPlugins (1ms)
				BeforeProcessingInitializeOnLoad (84ms)
				ProcessInitializeOnLoadAttributes (251ms)
				ProcessInitializeOnLoadMethodAttributes (48ms)
				AfterProcessingInitializeOnLoad (8ms)
				EditorAssembliesLoaded (0ms)
			ExecutionOrderSort2 (0ms)
			AwakeInstancesAfterBackupRestoration (13ms)
Platform modules already initialized, skipping
Refreshing native plugins compatible for Editor in 3.00 ms, found 4 plugins.
Preloading 0 native plugins for Editor in 0.00 ms.
Unloading 4275 Unused Serialized files (Serialized files now loaded: 0)
Unloading 27 unused Assets / (95.3 KB). Loaded Objects now: 4785.
Memory consumption went from 163.7 MB to 163.6 MB.
Total: 4.238200 ms (FindLiveObjects: 0.458900 ms CreateObjectMapping: 0.116100 ms MarkObjects: 3.608400 ms  DeleteObjects: 0.052900 ms)

AssetImportParameters requested are different than current active one (requested -> active):
  custom:video-decoder-ogg-theora: a1e56fd34408186e4bbccfd4996cb3dc -> 
  custom:container-muxer-webm: aa71ff27fc2769a1b78a27578f13a17b -> 
  custom:container-demuxer-webm: 4f35f7cbe854078d1ac9338744f61a02 -> 
  custom:video-encoder-webm-vp8: eb34c28f22e8b96e1ab97ce403110664 -> 
  custom:audio-encoder-webm-vorbis: bf7c407c2cedff20999df2af8eb42d56 -> 
  custom:framework-win-MediaFoundation: 216162199b28c13a410421893ffa2e32 -> 
  custom:container-demuxer-ogg: 62fdf1f143b41e24485cea50d1cbac27 -> 
  custom:video-decoder-webm-vp8: 9c59270c3fd7afecdb556c50c9e8de78 -> 
  custom:audio-decoder-ogg-vorbis: bf7c407c2cedff20999df2af8eb42d56 -> 
========================================================================
Received Prepare
Registering precompiled user dll's ...
Registered in 0.008739 seconds.
Begin MonoManager ReloadAssembly
Symbol file LoadedFromMemory doesn't match image C:\UnityProjects\SoullessBones\SoullessBones\Library\PackageCache\com.unity.visualscripting@1.7.8\Editor\VisualScripting.Core\Dependencies\YamlDotNet\Unity.VisualScripting.YamlDotNet.dll
Symbol file LoadedFromMemory doesn't match image C:\UnityProjects\SoullessBones\SoullessBones\Library\PackageCache\com.unity.visualscripting@1.7.8\Editor\VisualScripting.Core\Dependencies\DotNetZip\Unity.VisualScripting.IonicZip.dll
Native extension for WindowsStandalone target not found
Refreshing native plugins compatible for Editor in 1.03 ms, found 4 plugins.
Preloading 0 native plugins for Editor in 0.00 ms.
Mono: successfully reloaded assembly
- Completed reload, in  1.104 seconds
Domain Reload Profiling:
	ReloadAssembly (1105ms)
		BeginReloadAssembly (129ms)
			ExecutionOrderSort (0ms)
			DisableScriptedObjects (6ms)
			BackupInstance (0ms)
			ReleaseScriptingObjects (0ms)
			CreateAndSetChildDomain (37ms)
		EndReloadAssembly (881ms)
			LoadAssemblies (86ms)
			RebuildTransferFunctionScriptingTraits (0ms)
			SetupTypeCache (248ms)
			ReleaseScriptCaches (2ms)
			RebuildScriptCaches (61ms)
			SetupLoadedEditorAssemblies (429ms)
				LogAssemblyErrors (0ms)
				InitializePlatformSupportModulesInManaged (18ms)
				SetLoadedEditorAssemblies (1ms)
				RefreshPlugins (1ms)
				BeforeProcessingInitializeOnLoad (92ms)
				ProcessInitializeOnLoadAttributes (264ms)
				ProcessInitializeOnLoadMethodAttributes (45ms)
				AfterProcessingInitializeOnLoad (9ms)
				EditorAssembliesLoaded (0ms)
			ExecutionOrderSort2 (0ms)
			AwakeInstancesAfterBackupRestoration (10ms)
Platform modules already initialized, skipping
Refreshing native plugins compatible for Editor in 3.17 ms, found 4 plugins.
Preloading 0 native plugins for Editor in 0.00 ms.
Unloading 4275 Unused Serialized files (Serialized files now loaded: 0)
Unloading 26 unused Assets / (95.4 KB). Loaded Objects now: 4800.
Memory consumption went from 163.7 MB to 163.6 MB.
Total: 3.899700 ms (FindLiveObjects: 0.438800 ms CreateObjectMapping: 0.135800 ms MarkObjects: 3.273600 ms  DeleteObjects: 0.049900 ms)

AssetImportParameters requested are different than current active one (requested -> active):
  custom:video-decoder-ogg-theora: a1e56fd34408186e4bbccfd4996cb3dc -> 
  custom:container-muxer-webm: aa71ff27fc2769a1b78a27578f13a17b -> 
  custom:container-demuxer-webm: 4f35f7cbe854078d1ac9338744f61a02 -> 
  custom:video-encoder-webm-vp8: eb34c28f22e8b96e1ab97ce403110664 -> 
  custom:audio-encoder-webm-vorbis: bf7c407c2cedff20999df2af8eb42d56 -> 
  custom:framework-win-MediaFoundation: 216162199b28c13a410421893ffa2e32 -> 
  custom:container-demuxer-ogg: 62fdf1f143b41e24485cea50d1cbac27 -> 
  custom:video-decoder-webm-vp8: 9c59270c3fd7afecdb556c50c9e8de78 -> 
  custom:audio-decoder-ogg-vorbis: bf7c407c2cedff20999df2af8eb42d56 -> 
========================================================================
Received Import Request.
  Time since last request: 1307.677683 seconds.
  path: Assets/Animations/Player
  artifactKey: Guid(dfc5642532d392943b56f2e6b2f94053) Importer(815301076,1909f56bfc062723c751e8b465ee728b)
Start importing Assets/Animations/Player using Guid(dfc5642532d392943b56f2e6b2f94053) Importer(815301076,1909f56bfc062723c751e8b465ee728b)  -> (artifact id: '7a12da6005719b631194c6525affce60') in 0.015917 seconds 
========================================================================
Received Import Request.
  Time since last request: 771.058422 seconds.
  path: Assets/Sprites/Ghost Player/Ghost Fall (32x32).png
  artifactKey: Guid(7a96409dda3186640b7119f12c8f01bc) Importer(815301076,1909f56bfc062723c751e8b465ee728b)
Start importing Assets/Sprites/Ghost Player/Ghost Fall (32x32).png using Guid(7a96409dda3186640b7119f12c8f01bc) Importer(815301076,1909f56bfc062723c751e8b465ee728b)  -> (artifact id: 'e36c364cb44939e28a686c38ae64a971') in 0.068135 seconds 
========================================================================
Received Import Request.
  Time since last request: 388.409777 seconds.
  path: Assets/Sprites/Ghost Player/Ghost Jump (32x32).png
  artifactKey: Guid(d25882317f07588478c132e3913e12ea) Importer(815301076,1909f56bfc062723c751e8b465ee728b)
Start importing Assets/Sprites/Ghost Player/Ghost Jump (32x32).png using Guid(d25882317f07588478c132e3913e12ea) Importer(815301076,1909f56bfc062723c751e8b465ee728b)  -> (artifact id: 'fd2fcb888b797b711acf228a80eb1508') in 0.014071 seconds 
========================================================================
Received Import Request.
  Time since last request: 59.197432 seconds.
  path: Assets/Sprites/Ghost Player/Ghost Jump (32x32).png
  artifactKey: Guid(d25882317f07588478c132e3913e12ea) Importer(815301076,1909f56bfc062723c751e8b465ee728b)
Start importing Assets/Sprites/Ghost Player/Ghost Jump (32x32).png using Guid(d25882317f07588478c132e3913e12ea) Importer(815301076,1909f56bfc062723c751e8b465ee728b)  -> (artifact id: 'ec21f4df66e91771d3fcc05cdc222d38') in 0.013372 seconds 
========================================================================
Received Import Request.
  Time since last request: 137.334496 seconds.
  path: Assets/Sprites/Ghost Player/Ghost Idle (32x32).png
  artifactKey: Guid(eed00b3d927b39744995dcf02962a627) Importer(815301076,1909f56bfc062723c751e8b465ee728b)
Start importing Assets/Sprites/Ghost Player/Ghost Idle (32x32).png using Guid(eed00b3d927b39744995dcf02962a627) Importer(815301076,1909f56bfc062723c751e8b465ee728b)  -> (artifact id: '6fd186ccb3db3a060b8328d71e665a04') in 0.056071 seconds 
